Determining if the pthread_create exist failed with the following output:
Change Dir: /home/dima/projects/gameEngine/build/CMakeFiles/CMakeTmp

Run Build Command:"/usr/bin/make" "cmTC_0c6e3/fast"
/usr/bin/make -f CMakeFiles/cmTC_0c6e3.dir/build.make CMakeFiles/cmTC_0c6e3.dir/build
make[1]: Entering directory '/home/dima/projects/gameEngine/build/CMakeFiles/CMakeTmp'
Building C object CMakeFiles/cmTC_0c6e3.dir/CheckSymbolExists.c.o
/bin/gcc    -o CMakeFiles/cmTC_0c6e3.dir/CheckSymbolExists.c.o   -c /home/dima/projects/gameEngine/build/CMakeFiles/CMakeTmp/CheckSymbolExists.c
Linking C executable cmTC_0c6e3
/usr/bin/cmake -E cmake_link_script CMakeFiles/cmTC_0c6e3.dir/link.txt --verbose=1
/bin/gcc      CMakeFiles/cmTC_0c6e3.dir/CheckSymbolExists.c.o  -o cmTC_0c6e3 
/usr/bin/ld: CMakeFiles/cmTC_0c6e3.dir/CheckSymbolExists.c.o: in function `main':
CheckSymbolExists.c:(.text+0x1b): undefined reference to `pthread_create'
collect2: error: ld returned 1 exit status
make[1]: *** [CMakeFiles/cmTC_0c6e3.dir/build.make:87: cmTC_0c6e3] Error 1
make[1]: Leaving directory '/home/dima/projects/gameEngine/build/CMakeFiles/CMakeTmp'
make: *** [Makefile:121: cmTC_0c6e3/fast] Error 2

File /home/dima/projects/gameEngine/build/CMakeFiles/CMakeTmp/CheckSymbolExists.c:
/* */
#include <pthread.h>

int main(int argc, char** argv)
{
  (void)argv;
#ifndef pthread_create
  return ((int*)(&pthread_create))[argc];
#else
  (void)argc;
  return 0;
#endif
}

Determining if the function pthread_create exists in the pthreads failed with the following output:
Change Dir: /home/dima/projects/gameEngine/build/CMakeFiles/CMakeTmp

Run Build Command:"/usr/bin/make" "cmTC_1f4a5/fast"
/usr/bin/make -f CMakeFiles/cmTC_1f4a5.dir/build.make CMakeFiles/cmTC_1f4a5.dir/build
make[1]: Entering directory '/home/dima/projects/gameEngine/build/CMakeFiles/CMakeTmp'
Building C object CMakeFiles/cmTC_1f4a5.dir/CheckFunctionExists.c.o
/bin/gcc   -DCHECK_FUNCTION_EXISTS=pthread_create   -o CMakeFiles/cmTC_1f4a5.dir/CheckFunctionExists.c.o   -c /usr/share/cmake-3.12/Modules/CheckFunctionExists.c
Linking C executable cmTC_1f4a5
/usr/bin/cmake -E cmake_link_script CMakeFiles/cmTC_1f4a5.dir/link.txt --verbose=1
/bin/gcc  -DCHECK_FUNCTION_EXISTS=pthread_create    CMakeFiles/cmTC_1f4a5.dir/CheckFunctionExists.c.o  -o cmTC_1f4a5 -lpthreads 
/usr/bin/ld: cannot find -lpthreads
collect2: error: ld returned 1 exit status
make[1]: *** [CMakeFiles/cmTC_1f4a5.dir/build.make:87: cmTC_1f4a5] Error 1
make[1]: Leaving directory '/home/dima/projects/gameEngine/build/CMakeFiles/CMakeTmp'
make: *** [Makefile:121: cmTC_1f4a5/fast] Error 2


